  [1m[36m (1.0ms)[0m  [1mCREATE TABLE "schema_migrations" ("version" varchar(255) NOT NULL) [0m
  [1m[35m (0.1ms)[0m  select sqlite_version(*)
  [1m[36m (0.8ms)[0m  [1mCREATE UNIQUE INDEX "unique_schema_migrations" ON "schema_migrations" ("version")[0m
  [1m[35mActiveRecord::SchemaMigration Load (0.1ms)[0m  SELECT "schema_migrations".* FROM "schema_migrations"
Migrating to CreateUsers (20150226201041)
  [1m[36m (0.1ms)[0m  [1mbegin transaction[0m
  [1m[35m (0.3ms)[0m  CREATE TABLE "users" ("id" INTEGER PRIMARY KEY AUTOINCREMENT NOT NULL, "name" varchar(255), "email" varchar(255), "created_at" datetime, "updated_at" datetime) 
  [1m[36mSQL (0.2ms)[0m  [1mINSERT INTO "schema_migrations" ("version") VALUES (?)[0m  [["version", "20150226201041"]]
  [1m[35m (0.7ms)[0m  commit transaction
Migrating to CreateCats (20150226201119)
  [1m[36m (0.1ms)[0m  [1mbegin transaction[0m
  [1m[35m (0.3ms)[0m  CREATE TABLE "cats" ("id" INTEGER PRIMARY KEY AUTOINCREMENT NOT NULL, "name" varchar(255)) 
  [1m[36mSQL (0.1ms)[0m  [1mINSERT INTO "schema_migrations" ("version") VALUES (?)[0m  [["version", "20150226201119"]]
  [1m[35m (0.6ms)[0m  commit transaction
  [1m[36mActiveRecord::SchemaMigration Load (0.1ms)[0m  [1mSELECT "schema_migrations".* FROM "schema_migrations"[0m
  [1m[36mActiveRecord::SchemaMigration Load (0.5ms)[0m  [1mSELECT "schema_migrations".* FROM "schema_migrations"[0m
  [1m[35mActiveRecord::SchemaMigration Load (0.1ms)[0m  SELECT "schema_migrations".* FROM "schema_migrations"
  [1m[36mActiveRecord::SchemaMigration Load (0.5ms)[0m  [1mSELECT "schema_migrations".* FROM "schema_migrations"[0m
  [1m[35mActiveRecord::SchemaMigration Load (0.1ms)[0m  SELECT "schema_migrations".* FROM "schema_migrations"
  [1m[36mActiveRecord::SchemaMigration Load (0.1ms)[0m  [1mSELECT "schema_migrations".* FROM "schema_migrations"[0m
Migrating to AddAgeToUsers (20150305093636)
  [1m[36mActiveRecord::SchemaMigration Load (0.1ms)[0m  [1mSELECT "schema_migrations".* FROM "schema_migrations"[0m
Migrating to AddAgeToUsers (20150305093636)
  [1m[35m (0.1ms)[0m  begin transaction
  [1m[36m (0.4ms)[0m  [1mALTER TABLE "users" ADD "age" integer[0m
  [1m[35mSQL (0.3ms)[0m  INSERT INTO "schema_migrations" ("version") VALUES (?)  [["version", "20150305093636"]]
  [1m[36m (0.5ms)[0m  [1mcommit transaction[0m
  [1m[35mActiveRecord::SchemaMigration Load (0.1ms)[0m  SELECT "schema_migrations".* FROM "schema_migrations"
  [1m[36mActiveRecord::SchemaMigration Load (0.5ms)[0m  [1mSELECT "schema_migrations".* FROM "schema_migrations"[0m
Migrating to RenameNameToUsername (20150305093942)
  [1m[35m (0.1ms)[0m  begin transaction
  [1m[36m (0.9ms)[0m  [1mCREATE TEMPORARY TABLE "ausers" ("id" INTEGER PRIMARY KEY AUTOINCREMENT NOT NULL, "username" varchar(255), "email" varchar(255), "created_at" datetime, "updated_at" datetime, "age" integer) [0m
  [1m[35m (0.4ms)[0m  SELECT * FROM "users"
  [1m[36m (0.6ms)[0m  [1mDROP TABLE "users"[0m
  [1m[35m (0.1ms)[0m  CREATE TABLE "users" ("id" INTEGER PRIMARY KEY AUTOINCREMENT NOT NULL, "username" varchar(255), "email" varchar(255), "created_at" datetime, "updated_at" datetime, "age" integer) 
  [1m[36m (0.0ms)[0m  [1mSELECT * FROM "ausers"[0m
  [1m[35m (0.3ms)[0m  DROP TABLE "ausers"
  [1m[36mSQL (0.2ms)[0m  [1mINSERT INTO "schema_migrations" ("version") VALUES (?)[0m  [["version", "20150305093942"]]
  [1m[35m (0.8ms)[0m  commit transaction
  [1m[36mActiveRecord::SchemaMigration Load (0.1ms)[0m  [1mSELECT "schema_migrations".* FROM "schema_migrations"[0m


Started GET "/" for 127.0.0.1 at 2015-03-05 01:54:38 -0800
  [1m[36mActiveRecord::SchemaMigration Load (0.1ms)[0m  [1mSELECT "schema_migrations".* FROM "schema_migrations"[0m

ActiveRecord::PendingMigrationError (

Migrations are pending. To resolve this issue, run:

	bin/rake db:migrate RAILS_ENV=development

):
  activerecord (4.1.5) lib/active_record/migration.rb:389:in `check_pending!'
  activerecord (4.1.5) lib/active_record/migration.rb:377:in `call'
  actionpack (4.1.5) lib/action_dispatch/middleware/callbacks.rb:29:in `block in call'
  activesupport (4.1.5) lib/active_support/callbacks.rb:82:in `run_callbacks'
  actionpack (4.1.5) lib/action_dispatch/middleware/callbacks.rb:27:in `call'
  actionpack (4.1.5) lib/action_dispatch/middleware/reloader.rb:73:in `call'
  actionpack (4.1.5) lib/action_dispatch/middleware/remote_ip.rb:76:in `call'
  web-console (2.0.0) lib/action_dispatch/debug_exceptions.rb:18:in `middleware_call'
  web-console (2.0.0) lib/action_dispatch/debug_exceptions.rb:13:in `call'
  actionpack (4.1.5) lib/action_dispatch/middleware/show_exceptions.rb:30:in `call'
  railties (4.1.5) lib/rails/rack/logger.rb:38:in `call_app'
  railties (4.1.5) lib/rails/rack/logger.rb:20:in `block in call'
  activesupport (4.1.5) lib/active_support/tagged_logging.rb:68:in `block in tagged'
  activesupport (4.1.5) lib/active_support/tagged_logging.rb:26:in `tagged'
  activesupport (4.1.5) lib/active_support/tagged_logging.rb:68:in `tagged'
  railties (4.1.5) lib/rails/rack/logger.rb:20:in `call'
  actionpack (4.1.5) lib/action_dispatch/middleware/request_id.rb:21:in `call'
  rack (1.5.2) lib/rack/methodoverride.rb:21:in `call'
  rack (1.5.2) lib/rack/runtime.rb:17:in `call'
  activesupport (4.1.5) lib/active_support/cache/strategy/local_cache_middleware.rb:26:in `call'
  rack (1.5.2) lib/rack/lock.rb:17:in `call'
  actionpack (4.1.5) lib/action_dispatch/middleware/static.rb:64:in `call'
  rack (1.5.2) lib/rack/sendfile.rb:112:in `call'
  railties (4.1.5) lib/rails/engine.rb:514:in `call'
  railties (4.1.5) lib/rails/application.rb:144:in `call'
  rack (1.5.2) lib/rack/lock.rb:17:in `call'
  rack (1.5.2) lib/rack/content_length.rb:14:in `call'
  rack (1.5.2) lib/rack/handler/webrick.rb:60:in `service'
  /Users/jenniferbe/.rvm/rubies/ruby-2.1.2/lib/ruby/2.1.0/webrick/httpserver.rb:138:in `service'
  /Users/jenniferbe/.rvm/rubies/ruby-2.1.2/lib/ruby/2.1.0/webrick/httpserver.rb:94:in `run'
  /Users/jenniferbe/.rvm/rubies/ruby-2.1.2/lib/ruby/2.1.0/webrick/server.rb:295:in `block in start_thread'


  Rendered /Users/jenniferbe/.rvm/gems/ruby-2.1.2/gems/web-console-2.0.0/lib/action_dispatch/templates/rescues/_source.erb (3.7ms)
  Rendered /Users/jenniferbe/.rvm/gems/ruby-2.1.2/gems/web-console-2.0.0/lib/action_dispatch/templates/rescues/_trace.html.erb (1.9ms)
  Rendered /Users/jenniferbe/.rvm/gems/ruby-2.1.2/gems/web-console-2.0.0/lib/action_dispatch/templates/rescues/_request_and_response.html.erb (0.9ms)
  Rendered /Users/jenniferbe/.rvm/gems/ruby-2.1.2/gems/web-console-2.0.0/lib/action_dispatch/templates/rescues/_web_console.html.erb (1.1ms)
  Rendered /Users/jenniferbe/.rvm/gems/ruby-2.1.2/gems/web-console-2.0.0/lib/action_dispatch/templates/rescues/diagnostics.html.erb within rescues/layout (30.4ms)
  [1m[36mActiveRecord::SchemaMigration Load (0.1ms)[0m  [1mSELECT "schema_migrations".* FROM "schema_migrations"[0m
Migrating to CreateTodos (20150305094227)
  [1m[35m (0.1ms)[0m  begin transaction
  [1m[36m (0.4ms)[0m  [1mCREATE TABLE "todos" ("id" INTEGER PRIMARY KEY AUTOINCREMENT NOT NULL, "name" varchar(255), "priority" integer, "done" boolean, "created_at" datetime, "updated_at" datetime) [0m
  [1m[35mSQL (0.2ms)[0m  INSERT INTO "schema_migrations" ("version") VALUES (?)  [["version", "20150305094227"]]
  [1m[36m (1.3ms)[0m  [1mcommit transaction[0m
  [1m[35mActiveRecord::SchemaMigration Load (0.1ms)[0m  SELECT "schema_migrations".* FROM "schema_migrations"


Started GET "/" for 127.0.0.1 at 2015-03-05 01:55:14 -0800
  [1m[36mActiveRecord::SchemaMigration Load (0.1ms)[0m  [1mSELECT "schema_migrations".* FROM "schema_migrations"[0m
Processing by PagesController#home as HTML
Completed 500 Internal Server Error in 18ms

ActionView::MissingTemplate (Missing template pages/home, application/home with {:locale=>[:en], :formats=>[:html], :variants=>[], :handlers=>[:erb, :builder, :raw, :ruby, :coffee, :jbuilder]}. Searched in:
  * "/Users/jenniferbe/.rvm/gems/ruby-2.1.2/gems/web-console-2.0.0/lib/action_dispatch/templates"
  * "/Users/jenniferbe/railsdecal/sp15-hw3/app/views"
):
  actionview (4.1.5) lib/action_view/path_set.rb:46:in `find'
  actionview (4.1.5) lib/action_view/lookup_context.rb:124:in `find'
  actionview (4.1.5) lib/action_view/renderer/abstract_renderer.rb:18:in `find_template'
  actionview (4.1.5) lib/action_view/renderer/template_renderer.rb:41:in `determine_template'
  actionview (4.1.5) lib/action_view/renderer/template_renderer.rb:8:in `render'
  actionview (4.1.5) lib/action_view/renderer/renderer.rb:42:in `render_template'
  actionview (4.1.5) lib/action_view/renderer/renderer.rb:23:in `render'
  actionview (4.1.5) lib/action_view/rendering.rb:99:in `_render_template'
  actionpack (4.1.5) lib/action_controller/metal/streaming.rb:217:in `_render_template'
  actionview (4.1.5) lib/action_view/rendering.rb:82:in `render_to_body'
  actionpack (4.1.5) lib/action_controller/metal/rendering.rb:32:in `render_to_body'
  actionpack (4.1.5) lib/action_controller/metal/renderers.rb:32:in `render_to_body'
  actionpack (4.1.5) lib/abstract_controller/rendering.rb:25:in `render'
  actionpack (4.1.5) lib/action_controller/metal/rendering.rb:16:in `render'
  actionpack (4.1.5) lib/action_controller/metal/instrumentation.rb:41:in `block (2 levels) in render'
  activesupport (4.1.5) lib/active_support/core_ext/benchmark.rb:12:in `block in ms'
  /Users/jenniferbe/.rvm/rubies/ruby-2.1.2/lib/ruby/2.1.0/benchmark.rb:294:in `realtime'
  activesupport (4.1.5) lib/active_support/core_ext/benchmark.rb:12:in `ms'
  actionpack (4.1.5) lib/action_controller/metal/instrumentation.rb:41:in `block in render'
  actionpack (4.1.5) lib/action_controller/metal/instrumentation.rb:84:in `cleanup_view_runtime'
  activerecord (4.1.5) lib/active_record/railties/controller_runtime.rb:25:in `cleanup_view_runtime'
  actionpack (4.1.5) lib/action_controller/metal/instrumentation.rb:40:in `render'
  actionpack (4.1.5) lib/action_controller/metal/implicit_render.rb:10:in `default_render'
  actionpack (4.1.5) lib/action_controller/metal/implicit_render.rb:5:in `send_action'
  actionpack (4.1.5) lib/abstract_controller/base.rb:189:in `process_action'
  actionpack (4.1.5) lib/action_controller/metal/rendering.rb:10:in `process_action'
  actionpack (4.1.5) lib/abstract_controller/callbacks.rb:20:in `block in process_action'
  activesupport (4.1.5) lib/active_support/callbacks.rb:113:in `call'
  activesupport (4.1.5) lib/active_support/callbacks.rb:113:in `call'
  activesupport (4.1.5) lib/active_support/callbacks.rb:229:in `block in halting'
  activesupport (4.1.5) lib/active_support/callbacks.rb:229:in `call'
  activesupport (4.1.5) lib/active_support/callbacks.rb:229:in `block in halting'
  activesupport (4.1.5) lib/active_support/callbacks.rb:166:in `call'
  activesupport (4.1.5) lib/active_support/callbacks.rb:166:in `block in halting'
  activesupport (4.1.5) lib/active_support/callbacks.rb:166:in `call'
  activesupport (4.1.5) lib/active_support/callbacks.rb:166:in `block in halting'
  activesupport (4.1.5) lib/active_support/callbacks.rb:229:in `call'
  activesupport (4.1.5) lib/active_support/callbacks.rb:229:in `block in halting'
  activesupport (4.1.5) lib/active_support/callbacks.rb:166:in `call'
  activesupport (4.1.5) lib/active_support/callbacks.rb:166:in `block in halting'
  activesupport (4.1.5) lib/active_support/callbacks.rb:86:in `call'
  activesupport (4.1.5) lib/active_support/callbacks.rb:86:in `run_callbacks'
  actionpack (4.1.5) lib/abstract_controller/callbacks.rb:19:in `process_action'
  actionpack (4.1.5) lib/action_controller/metal/rescue.rb:29:in `process_action'
  actionpack (4.1.5) lib/action_controller/metal/instrumentation.rb:31:in `block in process_action'
  activesupport (4.1.5) lib/active_support/notifications.rb:159:in `block in instrument'
  activesupport (4.1.5) lib/active_support/notifications/instrumenter.rb:20:in `instrument'
  activesupport (4.1.5) lib/active_support/notifications.rb:159:in `instrument'
  actionpack (4.1.5) lib/action_controller/metal/instrumentation.rb:30:in `process_action'
  actionpack (4.1.5) lib/action_controller/metal/params_wrapper.rb:250:in `process_action'
  activerecord (4.1.5) lib/active_record/railties/controller_runtime.rb:18:in `process_action'
  actionpack (4.1.5) lib/abstract_controller/base.rb:136:in `process'
  actionview (4.1.5) lib/action_view/rendering.rb:30:in `process'
  actionpack (4.1.5) lib/action_controller/metal.rb:196:in `dispatch'
  actionpack (4.1.5) lib/action_controller/metal/rack_delegation.rb:13:in `dispatch'
  actionpack (4.1.5) lib/action_controller/metal.rb:232:in `block in action'
  actionpack (4.1.5) lib/action_dispatch/routing/route_set.rb:82:in `call'
  actionpack (4.1.5) lib/action_dispatch/routing/route_set.rb:82:in `dispatch'
  actionpack (4.1.5) lib/action_dispatch/routing/route_set.rb:50:in `call'
  actionpack (4.1.5) lib/action_dispatch/journey/router.rb:71:in `block in call'
  actionpack (4.1.5) lib/action_dispatch/journey/router.rb:59:in `each'
  actionpack (4.1.5) lib/action_dispatch/journey/router.rb:59:in `call'
  actionpack (4.1.5) lib/action_dispatch/routing/route_set.rb:678:in `call'
  rack (1.5.2) lib/rack/etag.rb:23:in `call'
  rack (1.5.2) lib/rack/conditionalget.rb:25:in `call'
  rack (1.5.2) lib/rack/head.rb:11:in `call'
  actionpack (4.1.5) lib/action_dispatch/middleware/params_parser.rb:27:in `call'
  actionpack (4.1.5) lib/action_dispatch/middleware/flash.rb:254:in `call'
  rack (1.5.2) lib/rack/session/abstract/id.rb:225:in `context'
  rack (1.5.2) lib/rack/session/abstract/id.rb:220:in `call'
  actionpack (4.1.5) lib/action_dispatch/middleware/cookies.rb:560:in `call'
  activerecord (4.1.5) lib/active_record/query_cache.rb:36:in `call'
  activerecord (4.1.5) lib/active_record/connection_adapters/abstract/connection_pool.rb:621:in `call'
  activerecord (4.1.5) lib/active_record/migration.rb:380:in `call'
  actionpack (4.1.5) lib/action_dispatch/middleware/callbacks.rb:29:in `block in call'
  activesupport (4.1.5) lib/active_support/callbacks.rb:82:in `run_callbacks'
  actionpack (4.1.5) lib/action_dispatch/middleware/callbacks.rb:27:in `call'
  actionpack (4.1.5) lib/action_dispatch/middleware/reloader.rb:73:in `call'
  actionpack (4.1.5) lib/action_dispatch/middleware/remote_ip.rb:76:in `call'
  web-console (2.0.0) lib/action_dispatch/debug_exceptions.rb:18:in `middleware_call'
  web-console (2.0.0) lib/action_dispatch/debug_exceptions.rb:13:in `call'
  actionpack (4.1.5) lib/action_dispatch/middleware/show_exceptions.rb:30:in `call'
  railties (4.1.5) lib/rails/rack/logger.rb:38:in `call_app'
  railties (4.1.5) lib/rails/rack/logger.rb:20:in `block in call'
  activesupport (4.1.5) lib/active_support/tagged_logging.rb:68:in `block in tagged'
  activesupport (4.1.5) lib/active_support/tagged_logging.rb:26:in `tagged'
  activesupport (4.1.5) lib/active_support/tagged_logging.rb:68:in `tagged'
  railties (4.1.5) lib/rails/rack/logger.rb:20:in `call'
  actionpack (4.1.5) lib/action_dispatch/middleware/request_id.rb:21:in `call'
  rack (1.5.2) lib/rack/methodoverride.rb:21:in `call'
  rack (1.5.2) lib/rack/runtime.rb:17:in `call'
  activesupport (4.1.5) lib/active_support/cache/strategy/local_cache_middleware.rb:26:in `call'
  rack (1.5.2) lib/rack/lock.rb:17:in `call'
  actionpack (4.1.5) lib/action_dispatch/middleware/static.rb:64:in `call'
  rack (1.5.2) lib/rack/sendfile.rb:112:in `call'
  railties (4.1.5) lib/rails/engine.rb:514:in `call'
  railties (4.1.5) lib/rails/application.rb:144:in `call'
  rack (1.5.2) lib/rack/lock.rb:17:in `call'
  rack (1.5.2) lib/rack/content_length.rb:14:in `call'
  rack (1.5.2) lib/rack/handler/webrick.rb:60:in `service'
  /Users/jenniferbe/.rvm/rubies/ruby-2.1.2/lib/ruby/2.1.0/webrick/httpserver.rb:138:in `service'
  /Users/jenniferbe/.rvm/rubies/ruby-2.1.2/lib/ruby/2.1.0/webrick/httpserver.rb:94:in `run'
  /Users/jenniferbe/.rvm/rubies/ruby-2.1.2/lib/ruby/2.1.0/webrick/server.rb:295:in `block in start_thread'


  Rendered /Users/jenniferbe/.rvm/gems/ruby-2.1.2/gems/web-console-2.0.0/lib/action_dispatch/templates/rescues/_source.erb (7.9ms)
  Rendered /Users/jenniferbe/.rvm/gems/ruby-2.1.2/gems/web-console-2.0.0/lib/action_dispatch/templates/rescues/_trace.html.erb (3.4ms)
  Rendered /Users/jenniferbe/.rvm/gems/ruby-2.1.2/gems/web-console-2.0.0/lib/action_dispatch/templates/rescues/_request_and_response.html.erb (0.8ms)
  Rendered /Users/jenniferbe/.rvm/gems/ruby-2.1.2/gems/web-console-2.0.0/lib/action_dispatch/templates/rescues/_web_console.html.erb (0.9ms)
  Rendered /Users/jenniferbe/.rvm/gems/ruby-2.1.2/gems/web-console-2.0.0/lib/action_dispatch/templates/rescues/missing_template.html.erb within rescues/layout (27.7ms)


Started GET "/" for 127.0.0.1 at 2015-03-05 01:56:05 -0800
Processing by PagesController#home as HTML
  Rendered pages/home.html.erb within layouts/application (0.5ms)
Completed 200 OK in 1434ms (Views: 1433.3ms | ActiveRecord: 0.0ms)


Started GET "/assets/application-5266d2988799ecc8fe6e81eaab412e7d.css?body=1" for 127.0.0.1 at 2015-03-05 01:56:06 -0800


Started GET "/assets/jquery-5c8e9a5f2706a5ae36c57c9b8b1693b8.js?body=1" for 127.0.0.1 at 2015-03-05 01:56:06 -0800


Started GET "/assets/jquery_ujs-8163409ac89d9587bb33a62f6f74d283.js?body=1" for 127.0.0.1 at 2015-03-05 01:56:06 -0800


Started GET "/assets/turbolinks-f87b3583ca50adb0488b031297f5580d.js?body=1" for 127.0.0.1 at 2015-03-05 01:56:06 -0800


Started GET "/assets/application-b7ab46af60a4c6c2403bdae0105f5fb5.js?body=1" for 127.0.0.1 at 2015-03-05 01:56:06 -0800


Started GET "/" for 127.0.0.1 at 2015-03-05 01:56:30 -0800
Processing by PagesController#home as HTML
  Rendered pages/home.html.erb within layouts/application (1.2ms)
Completed 200 OK in 50ms (Views: 49.0ms | ActiveRecord: 0.0ms)


Started GET "/" for 127.0.0.1 at 2015-03-05 02:00:31 -0800
  [1m[36mActiveRecord::SchemaMigration Load (0.1ms)[0m  [1mSELECT "schema_migrations".* FROM "schema_migrations"[0m
Processing by PagesController#home as HTML
  Rendered pages/home.html.erb within layouts/application (2.0ms)
Completed 200 OK in 58ms (Views: 49.1ms | ActiveRecord: 0.0ms)


Started GET "/" for 127.0.0.1 at 2015-03-05 02:00:35 -0800
Processing by PagesController#home as HTML
  Rendered pages/home.html.erb within layouts/application (0.1ms)
Completed 200 OK in 59ms (Views: 58.1ms | ActiveRecord: 0.0ms)


Started GET "/" for 127.0.0.1 at 2015-03-05 02:00:36 -0800
Processing by PagesController#home as HTML
  Rendered pages/home.html.erb within layouts/application (0.1ms)
Completed 200 OK in 38ms (Views: 37.3ms | ActiveRecord: 0.0ms)


Started GET "/" for 127.0.0.1 at 2015-03-05 02:04:15 -0800
Processing by PagesController#home as HTML
  [1m[35mUser Load (0.3ms)[0m  SELECT "users".* FROM "users"
  Rendered pages/home.html.erb within layouts/application (1.8ms)
Completed 200 OK in 36ms (Views: 34.0ms | ActiveRecord: 0.3ms)


Started GET "/" for 127.0.0.1 at 2015-03-05 02:04:40 -0800
Processing by PagesController#home as HTML
  [1m[36mUser Load (0.1ms)[0m  [1mSELECT "users".* FROM "users"[0m
  Rendered pages/home.html.erb within layouts/application (1.2ms)
Completed 200 OK in 41ms (Views: 40.2ms | ActiveRecord: 0.1ms)


Started GET "/" for 127.0.0.1 at 2015-03-05 02:04:42 -0800
Processing by PagesController#home as HTML
  [1m[35mUser Load (0.1ms)[0m  SELECT "users".* FROM "users"
  Rendered pages/home.html.erb within layouts/application (0.4ms)
Completed 200 OK in 31ms (Views: 30.8ms | ActiveRecord: 0.1ms)


Started GET "/" for 127.0.0.1 at 2015-03-05 02:05:14 -0800
Processing by PagesController#home as HTML
  [1m[36mUser Load (0.2ms)[0m  [1mSELECT "users".* FROM "users"[0m
  Rendered pages/home.html.erb within layouts/application (1.3ms)
Completed 200 OK in 30ms (Views: 29.2ms | ActiveRecord: 0.2ms)


Started GET "/" for 127.0.0.1 at 2015-03-05 13:15:38 -0800
Processing by PagesController#home as HTML
  [1m[35mUser Load (0.7ms)[0m  SELECT "users".* FROM "users"
  Rendered pages/home.html.erb within layouts/application (2.7ms)
Completed 200 OK in 64ms (Views: 60.2ms | ActiveRecord: 0.7ms)


Started GET "/assets/application-5266d2988799ecc8fe6e81eaab412e7d.css?body=1" for 127.0.0.1 at 2015-03-05 13:15:38 -0800


Started GET "/assets/jquery-5c8e9a5f2706a5ae36c57c9b8b1693b8.js?body=1" for 127.0.0.1 at 2015-03-05 13:15:38 -0800


Started GET "/assets/jquery_ujs-8163409ac89d9587bb33a62f6f74d283.js?body=1" for 127.0.0.1 at 2015-03-05 13:15:38 -0800


Started GET "/assets/turbolinks-f87b3583ca50adb0488b031297f5580d.js?body=1" for 127.0.0.1 at 2015-03-05 13:15:38 -0800


Started GET "/assets/application-b7ab46af60a4c6c2403bdae0105f5fb5.js?body=1" for 127.0.0.1 at 2015-03-05 13:15:38 -0800
  [1m[36m (0.1ms)[0m  [1mbegin transaction[0m
  [1m[35mSQL (1.0ms)[0m  INSERT INTO "cats" ("id", "name") VALUES (?, ?)  [["id", 242], ["name", "Charlie"]]
  [1m[36m (0.7ms)[0m  [1mcommit transaction[0m
  [1m[35m (0.1ms)[0m  begin transaction
  [1m[36mSQL (0.5ms)[0m  [1mINSERT INTO "cats" ("id", "name") VALUES (?, ?)[0m  [["id", 2], ["name", "Kitty"]]
  [1m[35m (1.1ms)[0m  commit transaction
  [1m[36mCat Load (0.2ms)[0m  [1mSELECT "cats".* FROM "cats"[0m
  [1m[35m (0.1ms)[0m  begin transaction
  [1m[36mSQL (0.6ms)[0m  [1mINSERT INTO "users" ("created_at", "email", "updated_at", "username") VALUES (?, ?, ?, ?)[0m  [["created_at", "2015-03-05 21:21:15.772225"], ["email", "oski@berkeley.edu"], ["updated_at", "2015-03-05 21:21:15.772225"], ["username", "oskibear"]]
  [1m[35m (0.7ms)[0m  commit transaction
  [1m[36m (0.1ms)[0m  [1mbegin transaction[0m
  [1m[35mSQL (0.4ms)[0m  INSERT INTO "users" ("age", "created_at", "email", "updated_at", "username") VALUES (?, ?, ?, ?, ?)  [["age", 18], ["created_at", "2015-03-05 21:22:00.654035"], ["email", "jbe@berkeley.edu"], ["updated_at", "2015-03-05 21:22:00.654035"], ["username", "jennifer"]]
  [1m[36m (1.0ms)[0m  [1mcommit transaction[0m
  [1m[35mUser Load (0.2ms)[0m  SELECT "users".* FROM "users"
  [1m[36mTodo Load (0.6ms)[0m  [1mSELECT "todos".* FROM "todos"[0m
  [1m[35mTodo Load (0.1ms)[0m  SELECT "todos".* FROM "todos"
  [1m[36mActiveRecord::SchemaMigration Load (0.1ms)[0m  [1mSELECT "schema_migrations".* FROM "schema_migrations"[0m
  [1m[35mActiveRecord::SchemaMigration Load (0.1ms)[0m  SELECT "schema_migrations".* FROM "schema_migrations"


Started GET "/" for 127.0.0.1 at 2015-03-05 13:25:13 -0800
  [1m[36mActiveRecord::SchemaMigration Load (0.2ms)[0m  [1mSELECT "schema_migrations".* FROM "schema_migrations"[0m
Processing by PagesController#home as HTML
  [1m[35mUser Load (0.2ms)[0m  SELECT "users".* FROM "users"
  Rendered pages/home.html.erb within layouts/application (7.8ms)
Completed 200 OK in 96ms (Views: 84.4ms | ActiveRecord: 0.5ms)


Started GET "/" for 127.0.0.1 at 2015-03-05 13:27:32 -0800
Processing by PagesController#home as HTML
  [1m[36mUser Load (0.2ms)[0m  [1mSELECT "users".* FROM "users"[0m
  Rendered pages/home.html.erb within layouts/application (1.4ms)
Completed 200 OK in 62ms (Views: 60.9ms | ActiveRecord: 0.2ms)


Started GET "/" for 127.0.0.1 at 2015-03-05 13:28:05 -0800
Processing by PagesController#home as HTML
  [1m[35mUser Load (0.1ms)[0m  SELECT "users".* FROM "users"
  Rendered pages/home.html.erb within layouts/application (1.1ms)
Completed 200 OK in 34ms (Views: 33.1ms | ActiveRecord: 0.1ms)
  [1m[36mCat Load (1.7ms)[0m  [1mSELECT "cats".* FROM "cats"[0m
  [1m[35mTodo Load (0.2ms)[0m  SELECT "todos".* FROM "todos"
  [1m[36m (0.2ms)[0m  [1mbegin transaction[0m
  [1m[35mSQL (0.4ms)[0m  INSERT INTO "todos" ("created_at", "done", "name", "updated_at") VALUES (?, ?, ?, ?)  [["created_at", "2015-03-05 21:31:27.905582"], ["done", "t"], ["name", "Do Dishes"], ["updated_at", "2015-03-05 21:31:27.905582"]]
  [1m[36m (0.9ms)[0m  [1mcommit transaction[0m
  [1m[35m (0.1ms)[0m  begin transaction
  [1m[36mSQL (0.5ms)[0m  [1mINSERT INTO "todos" ("created_at", "done", "name", "updated_at") VALUES (?, ?, ?, ?)[0m  [["created_at", "2015-03-05 21:31:50.454865"], ["done", "f"], ["name", "Clean Room"], ["updated_at", "2015-03-05 21:31:50.454865"]]
  [1m[35m (1.3ms)[0m  commit transaction
  [1m[36mTodo Load (0.2ms)[0m  [1mSELECT "todos".* FROM "todos"[0m


Started GET "/" for 127.0.0.1 at 2015-03-05 13:32:46 -0800
  [1m[36mActiveRecord::SchemaMigration Load (0.1ms)[0m  [1mSELECT "schema_migrations".* FROM "schema_migrations"[0m
Processing by PagesController#home as HTML
  [1m[35mUser Load (0.1ms)[0m  SELECT "users".* FROM "users"
  [1m[36mCat Load (0.2ms)[0m  [1mSELECT "cats".* FROM "cats"[0m
  [1m[35mTodo Load (0.1ms)[0m  SELECT "todos".* FROM "todos"
  Rendered pages/home.html.erb within layouts/application (27.2ms)
Completed 500 Internal Server Error in 43ms

ActionView::Template::Error (undefined local variable or method `data2' for #<#<Class:0x007faaf1244160>:0x007faaf11cf4a0>):
    24:   </tr>
    25: <% @data.each do |data| %>       
    26:   <tr>
    27:     <td><%= data2.id %></td> 
    28:     <td><%= data2.name %></td> 
    29:   </tr>
    30: <% end %> 
  app/views/pages/home.html.erb:27:in `block in _app_views_pages_home_html_erb__3521285230329499417_70186083265920'
  app/views/pages/home.html.erb:25:in `_app_views_pages_home_html_erb__3521285230329499417_70186083265920'


  Rendered /Users/jenniferbe/.rvm/gems/ruby-2.1.2/gems/web-console-2.0.0/lib/action_dispatch/templates/rescues/_source.erb (9.7ms)
  Rendered /Users/jenniferbe/.rvm/gems/ruby-2.1.2/gems/web-console-2.0.0/lib/action_dispatch/templates/rescues/_trace.html.erb (3.4ms)
  Rendered /Users/jenniferbe/.rvm/gems/ruby-2.1.2/gems/web-console-2.0.0/lib/action_dispatch/templates/rescues/_request_and_response.html.erb (1.1ms)
  Rendered /Users/jenniferbe/.rvm/gems/ruby-2.1.2/gems/web-console-2.0.0/lib/action_dispatch/templates/rescues/_web_console.html.erb (1.1ms)
  Rendered /Users/jenniferbe/.rvm/gems/ruby-2.1.2/gems/web-console-2.0.0/lib/action_dispatch/templates/rescues/template_error.html.erb within rescues/layout (32.1ms)
  [1m[36mCat Load (1.4ms)[0m  [1mSELECT "cats".* FROM "cats"[0m


Started GET "/" for 127.0.0.1 at 2015-03-05 13:34:02 -0800
  [1m[36mActiveRecord::SchemaMigration Load (0.1ms)[0m  [1mSELECT "schema_migrations".* FROM "schema_migrations"[0m
Processing by PagesController#home as HTML
  [1m[35mUser Load (0.1ms)[0m  SELECT "users".* FROM "users"
  [1m[36mCat Load (0.3ms)[0m  [1mSELECT "cats".* FROM "cats"[0m
  [1m[35mTodo Load (0.2ms)[0m  SELECT "todos".* FROM "todos"
  Rendered pages/home.html.erb within layouts/application (28.1ms)
Completed 500 Internal Server Error in 44ms

ActionView::Template::Error (undefined local variable or method `data2' for #<#<Class:0x007fd1c78588d8>:0x007fd1c78539a0>):
    22:     <th>Name</th>
    23:   </tr>
    24: <% @data.each do |data| %>       
    25:   <tr>    <td><%= data2.name %></td> 
    26:   </tr>
    27: <% end %> 
    28: </table> 
  app/views/pages/home.html.erb:25:in `block in _app_views_pages_home_html_erb__3644215500716472190_70269485977720'
  app/views/pages/home.html.erb:24:in `_app_views_pages_home_html_erb__3644215500716472190_70269485977720'


  Rendered /Users/jenniferbe/.rvm/gems/ruby-2.1.2/gems/web-console-2.0.0/lib/action_dispatch/templates/rescues/_source.erb (11.8ms)
  Rendered /Users/jenniferbe/.rvm/gems/ruby-2.1.2/gems/web-console-2.0.0/lib/action_dispatch/templates/rescues/_trace.html.erb (4.2ms)
  Rendered /Users/jenniferbe/.rvm/gems/ruby-2.1.2/gems/web-console-2.0.0/lib/action_dispatch/templates/rescues/_request_and_response.html.erb (1.0ms)
  Rendered /Users/jenniferbe/.rvm/gems/ruby-2.1.2/gems/web-console-2.0.0/lib/action_dispatch/templates/rescues/_web_console.html.erb (1.2ms)
  Rendered /Users/jenniferbe/.rvm/gems/ruby-2.1.2/gems/web-console-2.0.0/lib/action_dispatch/templates/rescues/template_error.html.erb within rescues/layout (34.3ms)


Started GET "/" for 127.0.0.1 at 2015-03-05 13:34:29 -0800
Processing by PagesController#home as HTML
  [1m[36mUser Load (0.2ms)[0m  [1mSELECT "users".* FROM "users"[0m
  [1m[35mCat Load (0.4ms)[0m  SELECT "cats".* FROM "cats"
  [1m[36mTodo Load (0.1ms)[0m  [1mSELECT "todos".* FROM "todos"[0m
  Rendered pages/home.html.erb within layouts/application (14.9ms)
Completed 500 Internal Server Error in 18ms

ActionView::Template::Error (undefined local variable or method `data2' for #<#<Class:0x007fd1c78588d8>:0x007fd1c60916a0>):
    24:   </tr>
    25: <% @data2.each do |data| %>       
    26:   <tr>
    27:     <td><%= data2.id %></td> 
    28:     <td><%= data2.name %></td> 
    29:   </tr>
    30: <% end %> 
  app/views/pages/home.html.erb:27:in `block in _app_views_pages_home_html_erb__3644215500716472190_70269473640160'
  app/views/pages/home.html.erb:25:in `_app_views_pages_home_html_erb__3644215500716472190_70269473640160'


  Rendered /Users/jenniferbe/.rvm/gems/ruby-2.1.2/gems/web-console-2.0.0/lib/action_dispatch/templates/rescues/_source.erb (8.6ms)
  Rendered /Users/jenniferbe/.rvm/gems/ruby-2.1.2/gems/web-console-2.0.0/lib/action_dispatch/templates/rescues/_trace.html.erb (3.1ms)
  Rendered /Users/jenniferbe/.rvm/gems/ruby-2.1.2/gems/web-console-2.0.0/lib/action_dispatch/templates/rescues/_request_and_response.html.erb (0.8ms)
  Rendered /Users/jenniferbe/.rvm/gems/ruby-2.1.2/gems/web-console-2.0.0/lib/action_dispatch/templates/rescues/_web_console.html.erb (0.9ms)
  Rendered /Users/jenniferbe/.rvm/gems/ruby-2.1.2/gems/web-console-2.0.0/lib/action_dispatch/templates/rescues/template_error.html.erb within rescues/layout (27.4ms)


Started GET "/" for 127.0.0.1 at 2015-03-05 13:34:42 -0800
Processing by PagesController#home as HTML
  [1m[35mUser Load (0.2ms)[0m  SELECT "users".* FROM "users"
  [1m[36mCat Load (0.1ms)[0m  [1mSELECT "cats".* FROM "cats"[0m
  [1m[35mTodo Load (0.1ms)[0m  SELECT "todos".* FROM "todos"
  Rendered pages/home.html.erb within layouts/application (11.2ms)
Completed 500 Internal Server Error in 15ms

ActionView::Template::Error (undefined local variable or method `data2' for #<#<Class:0x007fd1c78588d8>:0x007fd1c33838e8>):
    39:   </tr>
    40: <% @data3.each do |data3| %>       
    41:   <tr>
    42:     <td><%= data2.name %></td> 
    43:     <td><%= data2.done %></td> 
    44:   </tr>
    45: <% end %> 
  app/views/pages/home.html.erb:42:in `block in _app_views_pages_home_html_erb__3644215500716472190_70269450060460'
  app/views/pages/home.html.erb:40:in `_app_views_pages_home_html_erb__3644215500716472190_70269450060460'


  Rendered /Users/jenniferbe/.rvm/gems/ruby-2.1.2/gems/web-console-2.0.0/lib/action_dispatch/templates/rescues/_source.erb (12.4ms)
  Rendered /Users/jenniferbe/.rvm/gems/ruby-2.1.2/gems/web-console-2.0.0/lib/action_dispatch/templates/rescues/_trace.html.erb (4.7ms)
  Rendered /Users/jenniferbe/.rvm/gems/ruby-2.1.2/gems/web-console-2.0.0/lib/action_dispatch/templates/rescues/_request_and_response.html.erb (1.1ms)
  Rendered /Users/jenniferbe/.rvm/gems/ruby-2.1.2/gems/web-console-2.0.0/lib/action_dispatch/templates/rescues/_web_console.html.erb (1.1ms)
  Rendered /Users/jenniferbe/.rvm/gems/ruby-2.1.2/gems/web-console-2.0.0/lib/action_dispatch/templates/rescues/template_error.html.erb within rescues/layout (32.5ms)


Started GET "/" for 127.0.0.1 at 2015-03-05 13:35:00 -0800
Processing by PagesController#home as HTML
  [1m[36mUser Load (0.1ms)[0m  [1mSELECT "users".* FROM "users"[0m
  [1m[35mCat Load (0.1ms)[0m  SELECT "cats".* FROM "cats"
  [1m[36mTodo Load (0.1ms)[0m  [1mSELECT "todos".* FROM "todos"[0m
  Rendered pages/home.html.erb within layouts/application (3.1ms)
Completed 200 OK in 55ms (Views: 53.5ms | ActiveRecord: 0.3ms)
